{"/Users/eduardo/Turing/mod4/projects/tacoboutit/tacoboutit-frontend/App.js": {"path":"/Users/eduardo/Turing/mod4/projects/tacoboutit/tacoboutit-frontend/App.js","statementMap":{"0":{"start":{"line":24,"column":10},"end":{"line":31,"column":3}},"1":{"start":{"line":33,"column":22},"end":{"line":47,"column":3}},"2":{"start":{"line":34,"column":4},"end":{"line":46,"column":5}},"3":{"start":{"line":35,"column":23},"end":{"line":35,"column":53}},"4":{"start":{"line":36,"column":18},"end":{"line":36,"column":42}},"5":{"start":{"line":37,"column":18},"end":{"line":37,"column":43}},"6":{"start":{"line":38,"column":26},"end":{"line":38,"column":56}},"7":{"start":{"line":39,"column":6},"end":{"line":39,"column":57}},"8":{"start":{"line":39,"column":33},"end":{"line":39,"column":56}},"9":{"start":{"line":40,"column":6},"end":{"line":40,"column":55}},"10":{"start":{"line":43,"column":6},"end":{"line":43,"column":36}},"11":{"start":{"line":44,"column":26},"end":{"line":44,"column":48}},"12":{"start":{"line":45,"column":6},"end":{"line":45,"column":97}},"13":{"start":{"line":49,"column":22},"end":{"line":60,"column":3}},"14":{"start":{"line":50,"column":21},"end":{"line":50,"column":69}},"15":{"start":{"line":51,"column":4},"end":{"line":55,"column":5}},"16":{"start":{"line":52,"column":6},"end":{"line":54,"column":9}},"17":{"start":{"line":57,"column":19},"end":{"line":57,"column":61}},"18":{"start":{"line":58,"column":4},"end":{"line":58,"column":32}},"19":{"start":{"line":59,"column":4},"end":{"line":59,"column":20}},"20":{"start":{"line":62,"column":16},"end":{"line":65,"column":3}},"21":{"start":{"line":63,"column":31},"end":{"line":63,"column":84}},"22":{"start":{"line":63,"column":69},"end":{"line":63,"column":83}},"23":{"start":{"line":64,"column":4},"end":{"line":64,"column":59}},"24":{"start":{"line":67,"column":18},"end":{"line":74,"column":3}},"25":{"start":{"line":68,"column":21},"end":{"line":68,"column":54}},"26":{"start":{"line":69,"column":4},"end":{"line":72,"column":5}},"27":{"start":{"line":70,"column":22},"end":{"line":70,"column":56}},"28":{"start":{"line":71,"column":6},"end":{"line":71,"column":37}},"29":{"start":{"line":73,"column":4},"end":{"line":73,"column":20}},"30":{"start":{"line":76,"column":21},"end":{"line":81,"column":3}},"31":{"start":{"line":77,"column":29},"end":{"line":77,"column":71}},"32":{"start":{"line":77,"column":66},"end":{"line":77,"column":70}},"33":{"start":{"line":78,"column":25},"end":{"line":78,"column":88}},"34":{"start":{"line":78,"column":57},"end":{"line":78,"column":87}},"35":{"start":{"line":79,"column":4},"end":{"line":79,"column":58}},"36":{"start":{"line":80,"column":4},"end":{"line":80,"column":53}},"37":{"start":{"line":84,"column":4},"end":{"line":114,"column":6}},"38":{"start":{"line":92,"column":36},"end":{"line":101,"column":8}},"39":{"start":{"line":107,"column":12},"end":{"line":107,"column":74}},"40":{"start":{"line":121,"column":4},"end":{"line":125,"column":6}},"41":{"start":{"line":129,"column":21},"end":{"line":160,"column":1}},"42":{"start":{"line":135,"column":10},"end":{"line":138,"column":12}},"43":{"start":{"line":146,"column":10},"end":{"line":149,"column":12}},"44":{"start":{"line":162,"column":15},"end":{"line":169,"column":2}}},"fnMap":{"0":{"name":"(anonymous_0)","decl":{"start":{"line":33,"column":22},"end":{"line":33,"column":23}},"loc":{"start":{"line":33,"column":34},"end":{"line":47,"column":3}},"line":33},"1":{"name":"(anonymous_1)","decl":{"start":{"line":39,"column":23},"end":{"line":39,"column":24}},"loc":{"start":{"line":39,"column":33},"end":{"line":39,"column":56}},"line":39},"2":{"name":"(anonymous_2)","decl":{"start":{"line":49,"column":22},"end":{"line":49,"column":23}},"loc":{"start":{"line":49,"column":34},"end":{"line":60,"column":3}},"line":49},"3":{"name":"(anonymous_3)","decl":{"start":{"line":62,"column":16},"end":{"line":62,"column":17}},"loc":{"start":{"line":62,"column":24},"end":{"line":65,"column":3}},"line":62},"4":{"name":"(anonymous_4)","decl":{"start":{"line":63,"column":59},"end":{"line":63,"column":60}},"loc":{"start":{"line":63,"column":69},"end":{"line":63,"column":83}},"line":63},"5":{"name":"(anonymous_5)","decl":{"start":{"line":67,"column":18},"end":{"line":67,"column":19}},"loc":{"start":{"line":67,"column":48},"end":{"line":74,"column":3}},"line":67},"6":{"name":"(anonymous_6)","decl":{"start":{"line":76,"column":21},"end":{"line":76,"column":22}},"loc":{"start":{"line":76,"column":34},"end":{"line":81,"column":3}},"line":76},"7":{"name":"(anonymous_7)","decl":{"start":{"line":77,"column":56},"end":{"line":77,"column":57}},"loc":{"start":{"line":77,"column":66},"end":{"line":77,"column":70}},"line":77},"8":{"name":"(anonymous_8)","decl":{"start":{"line":78,"column":47},"end":{"line":78,"column":48}},"loc":{"start":{"line":78,"column":57},"end":{"line":78,"column":87}},"line":78},"9":{"name":"(anonymous_9)","decl":{"start":{"line":83,"column":2},"end":{"line":83,"column":3}},"loc":{"start":{"line":83,"column":11},"end":{"line":115,"column":3}},"line":83},"10":{"name":"(anonymous_10)","decl":{"start":{"line":92,"column":22},"end":{"line":92,"column":23}},"loc":{"start":{"line":92,"column":36},"end":{"line":101,"column":8}},"line":92},"11":{"name":"(anonymous_11)","decl":{"start":{"line":106,"column":26},"end":{"line":106,"column":27}},"loc":{"start":{"line":106,"column":32},"end":{"line":108,"column":11}},"line":106},"12":{"name":"(anonymous_12)","decl":{"start":{"line":120,"column":2},"end":{"line":120,"column":3}},"loc":{"start":{"line":120,"column":11},"end":{"line":126,"column":3}},"line":120},"13":{"name":"(anonymous_13)","decl":{"start":{"line":134,"column":20},"end":{"line":134,"column":21}},"loc":{"start":{"line":135,"column":10},"end":{"line":138,"column":12}},"line":135},"14":{"name":"(anonymous_14)","decl":{"start":{"line":145,"column":20},"end":{"line":145,"column":21}},"loc":{"start":{"line":146,"column":10},"end":{"line":149,"column":12}},"line":146}},"branchMap":{"0":{"loc":{"start":{"line":51,"column":4},"end":{"line":55,"column":5}},"type":"if","locations":[{"start":{"line":51,"column":4},"end":{"line":55,"column":5}},{"start":{"line":51,"column":4},"end":{"line":55,"column":5}}],"line":51},"1":{"loc":{"start":{"line":69,"column":4},"end":{"line":72,"column":5}},"type":"if","locations":[{"start":{"line":69,"column":4},"end":{"line":72,"column":5}},{"start":{"line":69,"column":4},"end":{"line":72,"column":5}}],"line":69},"2":{"loc":{"start":{"line":90,"column":9},"end":{"line":101,"column":12}},"type":"binary-expr","locations":[{"start":{"line":90,"column":9},"end":{"line":90,"column":31}},{"start":{"line":90,"column":35},"end":{"line":101,"column":12}}],"line":90},"3":{"loc":{"start":{"line":112,"column":9},"end":{"line":112,"column":79}},"type":"binary-expr","locations":[{"start":{"line":112,"column":9},"end":{"line":112,"column":29}},{"start":{"line":112,"column":33},"end":{"line":112,"column":79}}],"line":112}},"s":{"0":0,"1":0,"2":0,"3":0,"4":0,"5":0,"6":0,"7":0,"8":0,"9":0,"10":0,"11":0,"12":0,"13":0,"14":0,"15":0,"16":0,"17":0,"18":0,"19":0,"20":0,"21":0,"22":0,"23":0,"24":0,"25":0,"26":0,"27":0,"28":0,"29":0,"30":0,"31":0,"32":0,"33":0,"34":0,"35":0,"36":0,"37":0,"38":0,"39":0,"40":0,"41":1,"42":0,"43":0,"44":1},"f":{"0":0,"1":0,"2":0,"3":0,"4":0,"5":0,"6":0,"7":0,"8":0,"9":0,"10":0,"11":0,"12":0,"13":0,"14":0},"b":{"0":[0,0],"1":[0,0],"2":[0,0],"3":[0,0]},"_coverageSchema":"43e27e138ebf9cfc5966b082cf9a028302ed4184","hash":"77cb468ba7b519954d432b90425be74a15c88f40"}
,"/Users/eduardo/Turing/mod4/projects/tacoboutit/tacoboutit-frontend/mockRestaurants.js": {"path":"/Users/eduardo/Turing/mod4/projects/tacoboutit/tacoboutit-frontend/mockRestaurants.js","statementMap":{"0":{"start":{"line":1,"column":31},"end":{"line":112,"column":1}}},"fnMap":{},"branchMap":{},"s":{"0":1},"f":{},"b":{},"_coverageSchema":"43e27e138ebf9cfc5966b082cf9a028302ed4184","hash":"061460d86ae2fb2a48250f7f6ff223c95a2ca4f6"}
,"/Users/eduardo/Turing/mod4/projects/tacoboutit/tacoboutit-frontend/assets/007-search.png": {"path":"/Users/eduardo/Turing/mod4/projects/tacoboutit/tacoboutit-frontend/assets/007-search.png","statementMap":{"0":{"start":{"line":1,"column":0},"end":{"line":1,"column":19}}},"fnMap":{},"branchMap":{},"s":{"0":1},"f":{},"b":{},"_coverageSchema":"43e27e138ebf9cfc5966b082cf9a028302ed4184","hash":"edb483a74a38f2eb1e39a9d6ffc7dda81d58e62d"}
,"/Users/eduardo/Turing/mod4/projects/tacoboutit/tacoboutit-frontend/assets/call-answer.png": {"path":"/Users/eduardo/Turing/mod4/projects/tacoboutit/tacoboutit-frontend/assets/call-answer.png","statementMap":{"0":{"start":{"line":1,"column":0},"end":{"line":1,"column":19}}},"fnMap":{},"branchMap":{},"s":{"0":2},"f":{},"b":{},"_coverageSchema":"43e27e138ebf9cfc5966b082cf9a028302ed4184","hash":"aa9422fab7d610b9d20a7d6e5582eb6809e57481"}
,"/Users/eduardo/Turing/mod4/projects/tacoboutit/tacoboutit-frontend/assets/check-mark.png": {"path":"/Users/eduardo/Turing/mod4/projects/tacoboutit/tacoboutit-frontend/assets/check-mark.png","statementMap":{"0":{"start":{"line":1,"column":0},"end":{"line":1,"column":19}}},"fnMap":{},"branchMap":{},"s":{"0":3},"f":{},"b":{},"_coverageSchema":"43e27e138ebf9cfc5966b082cf9a028302ed4184","hash":"f9d27affe12fa5c5af91e9c16e35f46b01b644c9"}
,"/Users/eduardo/Turing/mod4/projects/tacoboutit/tacoboutit-frontend/assets/fonts/Molle-Regular.ttf": {"path":"/Users/eduardo/Turing/mod4/projects/tacoboutit/tacoboutit-frontend/assets/fonts/Molle-Regular.ttf","statementMap":{"0":{"start":{"line":1,"column":0},"end":{"line":1,"column":19}}},"fnMap":{},"branchMap":{},"s":{"0":1},"f":{},"b":{},"_coverageSchema":"43e27e138ebf9cfc5966b082cf9a028302ed4184","hash":"7b2af69f7190ad290f7606b7bdd6114923fddcae"}
,"/Users/eduardo/Turing/mod4/projects/tacoboutit/tacoboutit-frontend/assets/fonts/SignPainter-HouseScript.ttf": {"path":"/Users/eduardo/Turing/mod4/projects/tacoboutit/tacoboutit-frontend/assets/fonts/SignPainter-HouseScript.ttf","statementMap":{"0":{"start":{"line":1,"column":0},"end":{"line":1,"column":19}}},"fnMap":{},"branchMap":{},"s":{"0":1},"f":{},"b":{},"_coverageSchema":"43e27e138ebf9cfc5966b082cf9a028302ed4184","hash":"525ee1958f8041f06e090d31a349bbcd70da92b6"}
,"/Users/eduardo/Turing/mod4/projects/tacoboutit/tacoboutit-frontend/src/apiCalls.js": {"path":"/Users/eduardo/Turing/mod4/projects/tacoboutit/tacoboutit-frontend/src/apiCalls.js","statementMap":{"0":{"start":{"line":1,"column":30},"end":{"line":7,"column":1}},"1":{"start":{"line":2,"column":19},"end":{"line":2,"column":113}},"2":{"start":{"line":3,"column":2},"end":{"line":5,"column":3}},"3":{"start":{"line":4,"column":4},"end":{"line":4,"column":55}},"4":{"start":{"line":6,"column":2},"end":{"line":6,"column":25}},"5":{"start":{"line":9,"column":23},"end":{"line":21,"column":1}},"6":{"start":{"line":10,"column":19},"end":{"line":14,"column":4}},"7":{"start":{"line":15,"column":2},"end":{"line":17,"column":3}},"8":{"start":{"line":16,"column":4},"end":{"line":16,"column":40}},"9":{"start":{"line":18,"column":15},"end":{"line":18,"column":36}},"10":{"start":{"line":19,"column":2},"end":{"line":19,"column":35}},"11":{"start":{"line":20,"column":2},"end":{"line":20,"column":14}}},"fnMap":{"0":{"name":"(anonymous_0)","decl":{"start":{"line":1,"column":30},"end":{"line":1,"column":31}},"loc":{"start":{"line":1,"column":72},"end":{"line":7,"column":1}},"line":1},"1":{"name":"(anonymous_1)","decl":{"start":{"line":9,"column":23},"end":{"line":9,"column":24}},"loc":{"start":{"line":9,"column":51},"end":{"line":21,"column":1}},"line":9}},"branchMap":{"0":{"loc":{"start":{"line":1,"column":37},"end":{"line":1,"column":50}},"type":"default-arg","locations":[{"start":{"line":1,"column":43},"end":{"line":1,"column":50}}],"line":1},"1":{"loc":{"start":{"line":1,"column":52},"end":{"line":1,"column":67}},"type":"default-arg","locations":[{"start":{"line":1,"column":58},"end":{"line":1,"column":67}}],"line":1},"2":{"loc":{"start":{"line":3,"column":2},"end":{"line":5,"column":3}},"type":"if","locations":[{"start":{"line":3,"column":2},"end":{"line":5,"column":3}},{"start":{"line":3,"column":2},"end":{"line":5,"column":3}}],"line":3},"3":{"loc":{"start":{"line":15,"column":2},"end":{"line":17,"column":3}},"type":"if","locations":[{"start":{"line":15,"column":2},"end":{"line":17,"column":3}},{"start":{"line":15,"column":2},"end":{"line":17,"column":3}}],"line":15}},"s":{"0":3,"1":0,"2":0,"3":0,"4":0,"5":3,"6":0,"7":0,"8":0,"9":0,"10":0,"11":0},"f":{"0":0,"1":0},"b":{"0":[0],"1":[0],"2":[0,0],"3":[0,0]},"_coverageSchema":"43e27e138ebf9cfc5966b082cf9a028302ed4184","hash":"83dfd245061b9e7e9e6864b1228b88aa2d72f379"}
,"/Users/eduardo/Turing/mod4/projects/tacoboutit/tacoboutit-frontend/src/components/AddTacoButton/AddTacoButton.js": {"path":"/Users/eduardo/Turing/mod4/projects/tacoboutit/tacoboutit-frontend/src/components/AddTacoButton/AddTacoButton.js","statementMap":{"0":{"start":{"line":5,"column":10},"end":{"line":8,"column":3}},"1":{"start":{"line":10,"column":17},"end":{"line":15,"column":3}},"2":{"start":{"line":11,"column":31},"end":{"line":11,"column":41}},"3":{"start":{"line":12,"column":25},"end":{"line":12,"column":48}},"4":{"start":{"line":13,"column":19},"end":{"line":13,"column":53}},"5":{"start":{"line":14,"column":4},"end":{"line":14,"column":42}},"6":{"start":{"line":18,"column":4},"end":{"line":53,"column":5}},"7":{"start":{"line":19,"column":68},"end":{"line":19,"column":122}},"8":{"start":{"line":25,"column":32},"end":{"line":25,"column":69}},"9":{"start":{"line":34,"column":16},"end":{"line":34,"column":57}},"10":{"start":{"line":35,"column":16},"end":{"line":35,"column":53}},"11":{"start":{"line":45,"column":29},"end":{"line":45,"column":48}},"12":{"start":{"line":57,"column":15},"end":{"line":100,"column":2}}},"fnMap":{"0":{"name":"(anonymous_0)","decl":{"start":{"line":10,"column":17},"end":{"line":10,"column":18}},"loc":{"start":{"line":10,"column":29},"end":{"line":15,"column":3}},"line":10},"1":{"name":"(anonymous_1)","decl":{"start":{"line":17,"column":2},"end":{"line":17,"column":3}},"loc":{"start":{"line":17,"column":11},"end":{"line":54,"column":3}},"line":17},"2":{"name":"(anonymous_2)","decl":{"start":{"line":19,"column":62},"end":{"line":19,"column":63}},"loc":{"start":{"line":19,"column":68},"end":{"line":19,"column":122}},"line":19},"3":{"name":"(anonymous_3)","decl":{"start":{"line":25,"column":26},"end":{"line":25,"column":27}},"loc":{"start":{"line":25,"column":32},"end":{"line":25,"column":69}},"line":25},"4":{"name":"(anonymous_4)","decl":{"start":{"line":33,"column":29},"end":{"line":33,"column":30}},"loc":{"start":{"line":33,"column":55},"end":{"line":36,"column":15}},"line":33},"5":{"name":"(anonymous_5)","decl":{"start":{"line":45,"column":23},"end":{"line":45,"column":24}},"loc":{"start":{"line":45,"column":29},"end":{"line":45,"column":48}},"line":45}},"branchMap":{},"s":{"0":3,"1":3,"2":1,"3":1,"4":1,"5":1,"6":5,"7":0,"8":0,"9":0,"10":0,"11":0,"12":3},"f":{"0":1,"1":5,"2":0,"3":0,"4":0,"5":0},"b":{},"_coverageSchema":"43e27e138ebf9cfc5966b082cf9a028302ed4184","hash":"3a8ae1915ef71178355298a6127b4b8efdda54be"}
,"/Users/eduardo/Turing/mod4/projects/tacoboutit/tacoboutit-frontend/src/components/RestaurantCard/RestaurantCard.js": {"path":"/Users/eduardo/Turing/mod4/projects/tacoboutit/tacoboutit-frontend/src/components/RestaurantCard/RestaurantCard.js","statementMap":{"0":{"start":{"line":6,"column":18},"end":{"line":8,"column":3}},"1":{"start":{"line":7,"column":4},"end":{"line":7,"column":45}},"2":{"start":{"line":10,"column":58},"end":{"line":10,"column":68}},"3":{"start":{"line":11,"column":21},"end":{"line":11,"column":60}},"4":{"start":{"line":12,"column":19},"end":{"line":12,"column":47}},"5":{"start":{"line":13,"column":18},"end":{"line":13,"column":43}},"6":{"start":{"line":14,"column":4},"end":{"line":34,"column":5}},"7":{"start":{"line":15,"column":68},"end":{"line":15,"column":94}},"8":{"start":{"line":38,"column":15},"end":{"line":84,"column":2}}},"fnMap":{"0":{"name":"(anonymous_0)","decl":{"start":{"line":6,"column":18},"end":{"line":6,"column":19}},"loc":{"start":{"line":6,"column":30},"end":{"line":8,"column":3}},"line":6},"1":{"name":"(anonymous_1)","decl":{"start":{"line":9,"column":2},"end":{"line":9,"column":3}},"loc":{"start":{"line":9,"column":11},"end":{"line":35,"column":3}},"line":9},"2":{"name":"(anonymous_2)","decl":{"start":{"line":15,"column":62},"end":{"line":15,"column":63}},"loc":{"start":{"line":15,"column":68},"end":{"line":15,"column":94}},"line":15}},"branchMap":{"0":{"loc":{"start":{"line":12,"column":19},"end":{"line":12,"column":47}},"type":"cond-expr","locations":[{"start":{"line":12,"column":30},"end":{"line":12,"column":38}},{"start":{"line":12,"column":41},"end":{"line":12,"column":47}}],"line":12},"1":{"loc":{"start":{"line":13,"column":18},"end":{"line":13,"column":43}},"type":"cond-expr","locations":[{"start":{"line":13,"column":29},"end":{"line":13,"column":34}},{"start":{"line":13,"column":36},"end":{"line":13,"column":43}}],"line":13}},"s":{"0":1,"1":1,"2":1,"3":1,"4":1,"5":1,"6":1,"7":0,"8":2},"f":{"0":1,"1":1,"2":0},"b":{"0":[0,1],"1":[0,1]},"_coverageSchema":"43e27e138ebf9cfc5966b082cf9a028302ed4184","hash":"cdc58975a3244f44ab6705b3e5fa480266573e33"}
,"/Users/eduardo/Turing/mod4/projects/tacoboutit/tacoboutit-frontend/src/components/RestaurantPage/RestaurantPage.js": {"path":"/Users/eduardo/Turing/mod4/projects/tacoboutit/tacoboutit-frontend/src/components/RestaurantPage/RestaurantPage.js","statementMap":{"0":{"start":{"line":7,"column":17},"end":{"line":7,"column":59}},"1":{"start":{"line":11,"column":16},"end":{"line":14,"column":3}},"2":{"start":{"line":12,"column":22},"end":{"line":12,"column":43}},"3":{"start":{"line":13,"column":4},"end":{"line":13,"column":91}},"4":{"start":{"line":13,"column":34},"end":{"line":13,"column":89}},"5":{"start":{"line":17,"column":39},"end":{"line":17,"column":49}},"6":{"start":{"line":18,"column":15},"end":{"line":18,"column":28}},"7":{"start":{"line":19,"column":18},"end":{"line":19,"column":34}},"8":{"start":{"line":20,"column":19},"end":{"line":20,"column":58}},"9":{"start":{"line":21,"column":18},"end":{"line":21,"column":54}},"10":{"start":{"line":22,"column":4},"end":{"line":50,"column":5}},"11":{"start":{"line":38,"column":29},"end":{"line":38,"column":71}},"12":{"start":{"line":54,"column":15},"end":{"line":97,"column":2}}},"fnMap":{"0":{"name":"(anonymous_0)","decl":{"start":{"line":11,"column":16},"end":{"line":11,"column":17}},"loc":{"start":{"line":11,"column":22},"end":{"line":14,"column":3}},"line":11},"1":{"name":"(anonymous_1)","decl":{"start":{"line":13,"column":21},"end":{"line":13,"column":22}},"loc":{"start":{"line":13,"column":34},"end":{"line":13,"column":89}},"line":13},"2":{"name":"(anonymous_2)","decl":{"start":{"line":16,"column":2},"end":{"line":16,"column":3}},"loc":{"start":{"line":16,"column":11},"end":{"line":51,"column":3}},"line":16},"3":{"name":"(anonymous_3)","decl":{"start":{"line":38,"column":23},"end":{"line":38,"column":24}},"loc":{"start":{"line":38,"column":29},"end":{"line":38,"column":71}},"line":38}},"branchMap":{"0":{"loc":{"start":{"line":20,"column":19},"end":{"line":20,"column":58}},"type":"cond-expr","locations":[{"start":{"line":20,"column":41},"end":{"line":20,"column":49}},{"start":{"line":20,"column":52},"end":{"line":20,"column":58}}],"line":20},"1":{"loc":{"start":{"line":21,"column":18},"end":{"line":21,"column":54}},"type":"cond-expr","locations":[{"start":{"line":21,"column":40},"end":{"line":21,"column":45}},{"start":{"line":21,"column":47},"end":{"line":21,"column":54}}],"line":21},"2":{"loc":{"start":{"line":46,"column":13},"end":{"line":46,"column":68}},"type":"binary-expr","locations":[{"start":{"line":46,"column":13},"end":{"line":46,"column":31}},{"start":{"line":46,"column":35},"end":{"line":46,"column":68}}],"line":46}},"s":{"0":2,"1":1,"2":1,"3":1,"4":5,"5":1,"6":1,"7":1,"8":1,"9":1,"10":1,"11":0,"12":2},"f":{"0":1,"1":5,"2":1,"3":0},"b":{"0":[0,1],"1":[0,1],"2":[1,1]},"_coverageSchema":"43e27e138ebf9cfc5966b082cf9a028302ed4184","hash":"e8281787d8427db81aeda33e4ff1093141cc4394"}
,"/Users/eduardo/Turing/mod4/projects/tacoboutit/tacoboutit-frontend/src/components/SplashPage/SplashPage.js": {"path":"/Users/eduardo/Turing/mod4/projects/tacoboutit/tacoboutit-frontend/src/components/SplashPage/SplashPage.js","statementMap":{"0":{"start":{"line":8,"column":10},"end":{"line":11,"column":3}},"1":{"start":{"line":13,"column":22},"end":{"line":18,"column":3}},"2":{"start":{"line":14,"column":4},"end":{"line":16,"column":6}},"3":{"start":{"line":17,"column":4},"end":{"line":17,"column":40}},"4":{"start":{"line":21,"column":23},"end":{"line":21,"column":76}},"5":{"start":{"line":22,"column":26},"end":{"line":22,"column":53}},"6":{"start":{"line":23,"column":4},"end":{"line":34,"column":6}},"7":{"start":{"line":37,"column":15},"end":{"line":55,"column":2}}},"fnMap":{"0":{"name":"(anonymous_0)","decl":{"start":{"line":13,"column":22},"end":{"line":13,"column":23}},"loc":{"start":{"line":13,"column":34},"end":{"line":18,"column":3}},"line":13},"1":{"name":"(anonymous_1)","decl":{"start":{"line":20,"column":2},"end":{"line":20,"column":3}},"loc":{"start":{"line":20,"column":11},"end":{"line":35,"column":3}},"line":20}},"branchMap":{"0":{"loc":{"start":{"line":21,"column":23},"end":{"line":21,"column":76}},"type":"cond-expr","locations":[{"start":{"line":21,"column":46},"end":{"line":21,"column":50}},{"start":{"line":21,"column":53},"end":{"line":21,"column":76}}],"line":21}},"s":{"0":1,"1":1,"2":1,"3":0,"4":1,"5":1,"6":1,"7":2},"f":{"0":1,"1":1},"b":{"0":[1,0]},"_coverageSchema":"43e27e138ebf9cfc5966b082cf9a028302ed4184","hash":"003ddc42a2ee8b8d1e9a9b2cdcb200dc05741aea"}
,"/Users/eduardo/Turing/mod4/projects/tacoboutit/tacoboutit-frontend/src/components/TacoCard/TacoCard.js": {"path":"/Users/eduardo/Turing/mod4/projects/tacoboutit/tacoboutit-frontend/src/components/TacoCard/TacoCard.js","statementMap":{"0":{"start":{"line":3,"column":21},"end":{"line":3,"column":62}},"1":{"start":{"line":7,"column":21},"end":{"line":7,"column":31}},"2":{"start":{"line":8,"column":4},"end":{"line":16,"column":5}},"3":{"start":{"line":20,"column":15},"end":{"line":32,"column":2}}},"fnMap":{"0":{"name":"(anonymous_0)","decl":{"start":{"line":6,"column":2},"end":{"line":6,"column":3}},"loc":{"start":{"line":6,"column":11},"end":{"line":17,"column":3}},"line":6}},"branchMap":{},"s":{"0":3,"1":6,"2":6,"3":3},"f":{"0":6},"b":{},"_coverageSchema":"43e27e138ebf9cfc5966b082cf9a028302ed4184","hash":"0d1de5ae219e98ff2676d6224f93eeb071177e59"}
,"/Users/eduardo/Turing/mod4/projects/tacoboutit/tacoboutit-frontend/src/components/TacoSearch/TacoSearch.js": {"path":"/Users/eduardo/Turing/mod4/projects/tacoboutit/tacoboutit-frontend/src/components/TacoSearch/TacoSearch.js","statementMap":{"0":{"start":{"line":7,"column":10},"end":{"line":10,"column":3}},"1":{"start":{"line":11,"column":22},"end":{"line":16,"column":3}},"2":{"start":{"line":12,"column":4},"end":{"line":14,"column":6}},"3":{"start":{"line":15,"column":4},"end":{"line":15,"column":40}},"4":{"start":{"line":17,"column":17},"end":{"line":19,"column":3}},"5":{"start":{"line":18,"column":4},"end":{"line":18,"column":30}},"6":{"start":{"line":21,"column":23},"end":{"line":21,"column":33}},"7":{"start":{"line":22,"column":23},"end":{"line":22,"column":83}},"8":{"start":{"line":23,"column":31},"end":{"line":23,"column":57}},"9":{"start":{"line":24,"column":4},"end":{"line":36,"column":6}},"10":{"start":{"line":40,"column":15},"end":{"line":61,"column":2}}},"fnMap":{"0":{"name":"(anonymous_0)","decl":{"start":{"line":11,"column":22},"end":{"line":11,"column":23}},"loc":{"start":{"line":11,"column":34},"end":{"line":16,"column":3}},"line":11},"1":{"name":"(anonymous_1)","decl":{"start":{"line":17,"column":17},"end":{"line":17,"column":18}},"loc":{"start":{"line":17,"column":29},"end":{"line":19,"column":3}},"line":17},"2":{"name":"(anonymous_2)","decl":{"start":{"line":20,"column":2},"end":{"line":20,"column":3}},"loc":{"start":{"line":20,"column":11},"end":{"line":37,"column":3}},"line":20}},"branchMap":{"0":{"loc":{"start":{"line":22,"column":23},"end":{"line":22,"column":83}},"type":"cond-expr","locations":[{"start":{"line":22,"column":46},"end":{"line":22,"column":50}},{"start":{"line":22,"column":53},"end":{"line":22,"column":83}}],"line":22}},"s":{"0":1,"1":1,"2":1,"3":0,"4":1,"5":0,"6":1,"7":1,"8":1,"9":1,"10":2},"f":{"0":1,"1":0,"2":1},"b":{"0":[1,0]},"_coverageSchema":"43e27e138ebf9cfc5966b082cf9a028302ed4184","hash":"eaeb57809911a4aab05992a984c37d2d9f6dccc4"}
}
