TN:
SF:/Users/bradybridges/Documents/Turing Stuff/mod4/tacoboutit-frontend/App.js
FN:33,(anonymous_0)
FN:39,(anonymous_1)
FN:49,(anonymous_2)
FN:62,(anonymous_3)
FN:63,(anonymous_4)
FN:67,(anonymous_5)
FN:76,(anonymous_6)
FN:77,(anonymous_7)
FN:78,(anonymous_8)
FN:83,(anonymous_9)
FN:92,(anonymous_10)
FN:106,(anonymous_11)
FN:120,(anonymous_12)
FN:134,(anonymous_13)
FN:145,(anonymous_14)
FNF:15
FNH:0
FNDA:0,(anonymous_0)
FNDA:0,(anonymous_1)
FNDA:0,(anonymous_2)
FNDA:0,(anonymous_3)
FNDA:0,(anonymous_4)
FNDA:0,(anonymous_5)
FNDA:0,(anonymous_6)
FNDA:0,(anonymous_7)
FNDA:0,(anonymous_8)
FNDA:0,(anonymous_9)
FNDA:0,(anonymous_10)
FNDA:0,(anonymous_11)
FNDA:0,(anonymous_12)
FNDA:0,(anonymous_13)
FNDA:0,(anonymous_14)
DA:24,0
DA:33,0
DA:34,0
DA:35,0
DA:36,0
DA:37,0
DA:38,0
DA:39,0
DA:40,0
DA:43,0
DA:44,0
DA:45,0
DA:49,0
DA:50,0
DA:51,0
DA:52,0
DA:57,0
DA:58,0
DA:59,0
DA:62,0
DA:63,0
DA:64,0
DA:67,0
DA:68,0
DA:69,0
DA:70,0
DA:71,0
DA:73,0
DA:76,0
DA:77,0
DA:78,0
DA:79,0
DA:80,0
DA:84,0
DA:92,0
DA:107,0
DA:121,0
DA:129,1
DA:135,0
DA:146,0
DA:162,1
LF:41
LH:2
BRDA:51,0,0,0
BRDA:51,0,1,0
BRDA:69,1,0,0
BRDA:69,1,1,0
BRDA:90,2,0,0
BRDA:90,2,1,0
BRDA:112,3,0,0
BRDA:112,3,1,0
BRF:8
BRH:0
end_of_record
TN:
SF:/Users/bradybridges/Documents/Turing Stuff/mod4/tacoboutit-frontend/mockRestaurants.js
FNF:0
FNH:0
DA:1,2
LF:1
LH:1
BRF:0
BRH:0
end_of_record
TN:
SF:/Users/bradybridges/Documents/Turing Stuff/mod4/tacoboutit-frontend/assets/007-search.png
FNF:0
FNH:0
DA:1,1
LF:1
LH:1
BRF:0
BRH:0
end_of_record
TN:
SF:/Users/bradybridges/Documents/Turing Stuff/mod4/tacoboutit-frontend/assets/call-answer.png
FNF:0
FNH:0
DA:1,2
LF:1
LH:1
BRF:0
BRH:0
end_of_record
TN:
SF:/Users/bradybridges/Documents/Turing Stuff/mod4/tacoboutit-frontend/assets/check-mark.png
FNF:0
FNH:0
DA:1,3
LF:1
LH:1
BRF:0
BRH:0
end_of_record
TN:
SF:/Users/bradybridges/Documents/Turing Stuff/mod4/tacoboutit-frontend/assets/fonts/Molle-Regular.ttf
FNF:0
FNH:0
DA:1,1
LF:1
LH:1
BRF:0
BRH:0
end_of_record
TN:
SF:/Users/bradybridges/Documents/Turing Stuff/mod4/tacoboutit-frontend/assets/fonts/SignPainter-HouseScript.ttf
FNF:0
FNH:0
DA:1,1
LF:1
LH:1
BRF:0
BRH:0
end_of_record
TN:
SF:/Users/bradybridges/Documents/Turing Stuff/mod4/tacoboutit-frontend/src/apiCalls.js
FN:1,(anonymous_0)
FN:9,(anonymous_1)
FNF:2
FNH:2
FNDA:4,(anonymous_0)
FNDA:4,(anonymous_1)
DA:1,4
DA:2,4
DA:3,3
DA:4,1
DA:6,2
DA:9,4
DA:10,4
DA:15,3
DA:16,1
DA:18,2
DA:19,2
LF:11
LH:11
BRDA:1,0,0,4
BRDA:1,1,0,4
BRDA:3,2,0,1
BRDA:3,2,1,2
BRDA:15,3,0,1
BRDA:15,3,1,2
BRF:6
BRH:6
end_of_record
TN:
SF:/Users/bradybridges/Documents/Turing Stuff/mod4/tacoboutit-frontend/src/components/AddTacoButton/AddTacoButton.js
FN:10,(anonymous_0)
FN:17,(anonymous_1)
FN:19,(anonymous_2)
FN:25,(anonymous_3)
FN:33,(anonymous_4)
FN:45,(anonymous_5)
FNF:6
FNH:3
FNDA:1,(anonymous_0)
FNDA:6,(anonymous_1)
FNDA:1,(anonymous_2)
FNDA:0,(anonymous_3)
FNDA:0,(anonymous_4)
FNDA:0,(anonymous_5)
DA:5,3
DA:10,3
DA:11,1
DA:12,1
DA:13,1
DA:14,1
DA:18,6
DA:19,1
DA:25,0
DA:34,0
DA:35,0
DA:45,0
DA:57,3
LF:13
LH:9
BRF:0
BRH:0
end_of_record
TN:
SF:/Users/bradybridges/Documents/Turing Stuff/mod4/tacoboutit-frontend/src/components/RestaurantCard/RestaurantCard.js
FN:6,(anonymous_0)
FN:9,(anonymous_1)
FN:15,(anonymous_2)
FNF:3
FNH:2
FNDA:1,(anonymous_0)
FNDA:1,(anonymous_1)
FNDA:0,(anonymous_2)
DA:6,1
DA:7,1
DA:10,1
DA:11,1
DA:12,1
DA:13,1
DA:14,1
DA:15,0
DA:38,2
LF:9
LH:8
BRDA:12,0,0,0
BRDA:12,0,1,1
BRDA:13,1,0,0
BRDA:13,1,1,1
BRF:4
BRH:2
end_of_record
TN:
SF:/Users/bradybridges/Documents/Turing Stuff/mod4/tacoboutit-frontend/src/components/RestaurantPage/RestaurantPage.js
FN:11,(anonymous_0)
FN:13,(anonymous_1)
FN:16,(anonymous_2)
FN:38,(anonymous_3)
FNF:4
FNH:3
FNDA:1,(anonymous_0)
FNDA:5,(anonymous_1)
FNDA:1,(anonymous_2)
FNDA:0,(anonymous_3)
DA:7,2
DA:11,1
DA:12,1
DA:13,5
DA:17,1
DA:18,1
DA:19,1
DA:20,1
DA:21,1
DA:22,1
DA:38,0
DA:54,2
LF:12
LH:11
BRDA:20,0,0,0
BRDA:20,0,1,1
BRDA:21,1,0,0
BRDA:21,1,1,1
BRDA:46,2,0,1
BRDA:46,2,1,1
BRF:6
BRH:4
end_of_record
TN:
SF:/Users/bradybridges/Documents/Turing Stuff/mod4/tacoboutit-frontend/src/components/SplashPage/SplashPage.js
FN:13,(anonymous_0)
FN:20,(anonymous_1)
FNF:2
FNH:2
FNDA:1,(anonymous_0)
FNDA:1,(anonymous_1)
DA:8,1
DA:13,1
DA:14,1
DA:17,0
DA:21,1
DA:22,1
DA:23,1
DA:37,2
LF:8
LH:7
BRDA:21,0,0,1
BRDA:21,0,1,0
BRF:2
BRH:1
end_of_record
TN:
SF:/Users/bradybridges/Documents/Turing Stuff/mod4/tacoboutit-frontend/src/components/TacoCard/TacoCard.js
FN:6,(anonymous_0)
FNF:1
FNH:1
FNDA:6,(anonymous_0)
DA:3,3
DA:7,6
DA:8,6
DA:20,3
LF:4
LH:4
BRF:0
BRH:0
end_of_record
TN:
SF:/Users/bradybridges/Documents/Turing Stuff/mod4/tacoboutit-frontend/src/components/TacoSearch/TacoSearch.js
FN:11,(anonymous_0)
FN:17,(anonymous_1)
FN:20,(anonymous_2)
FNF:3
FNH:2
FNDA:1,(anonymous_0)
FNDA:0,(anonymous_1)
FNDA:1,(anonymous_2)
DA:7,1
DA:11,1
DA:12,1
DA:15,0
DA:17,1
DA:18,0
DA:21,1
DA:22,1
DA:23,1
DA:24,1
DA:40,2
LF:11
LH:9
BRDA:22,0,0,1
BRDA:22,0,1,0
BRF:2
BRH:1
end_of_record
